Mplus VERSION 8.1
MUTHEN & MUTHEN
01/29/2020   3:31 PM

INPUT INSTRUCTIONS

  TITLE: Full SEM Model with Heckman Selection for Ridehailing
      !Example from: https://www.statmodel.com/download/Heckman.pdf
      !http://www.statmodel.com/discussion/messages/11/20445.html?1548710202
      !https://www.statmodel.com/mplusbook/chap7/ex7.5.html

  DATA: FILE IS 20200128_MplusInput.txt;

  VARIABLE:
      NAMES ARE
            PC	SPHONE	TAB	
            RDS_bin	RDS	
            white	age	male	edu	income	employ	numvehicle	
            TNC_entryyear	accompany	flextime		
            numadult	numchild urban	pop_den	
            tripnum	pmt	vmt;

      USEVARIABLES ARE
            PC	SPHONE	TAB
            RDS_bin RDS
            white	age	male edu income employ numvehicle	
            TNC_entryyear accompany	flextime
            numadult numchild urban pop_den	
            tripnum	pmt	vmt;

      CATEGORICAL ARE
             PC SPHONE TAB
             RDS_bin;

      MISSING ARE RDS (-999);

  ANALYSIS:
      ESTIMATOR = MLR;
      LINK = PROBIT;
      !MCONVERGENCE = 0.00001;
      !INTEGRATION = 30;

  !ATA TWOPART:
  !   names = RDS;
  !   binary = used;
  !   continuous = freq;

  MODEL:
      !Measurement model
      ICT BY PC SPHONE TAB;

      !Linear regressions for ICT and individual travel behaviors
      ICT ON white age male edu income employ numvehicle	
             accompany flextime numadult numchild urban pop_den;
      tripnum ON ICT white age male edu income employ numvehicle	
             accompany flextime numadult numchild urban pop_den;
      pmt ON ICT white age male edu income employ numvehicle	
             accompany flextime numadult numchild urban pop_den;
      vmt ON ICT white age male edu income employ numvehicle	
             accompany flextime numadult numchild urban pop_den;

      !Heckman outcome model (linear regression)
      RDS ON ICT
             white age male edu income employ numvehicle	
             accompany flextime numadult numchild urban pop_den
             TNC_entryyear;
      RDS (v);

      !Heckman selection model (probit)
      RDS_bin ON ICT
             white age male edu income employ numvehicle	
             accompany flextime numadult numchild urban pop_den
             TNC_entryyear;

      !residual covariance between binary 'used' and continuous 'freq'
      f BY RDS_bin
           RDS (lam);
      f@1;

      !Correlated outcomes
      RDS WITH tripnum pmt vmt;
      tripnum WITH pmt vmt;
      pmt WITH vmt;

  MODEL CONSTRAINT:
      new(rescorr);
      rescorr = lam/(SQRT(lam*lam+v)*SQRT(1+1));

  OUTPUT: STANDARDIZED;

  PLOT: type = plot3;



*** WARNING in VARIABLE command
  Note that only the first 8 characters of variable names are used in the output.
  Shorten variable names to avoid any confusion.
*** WARNING in PLOT command
  Note that only the first 8 characters of variable names are used in plots.
  If variable names are not unique within the first 8 characters, problems
  may occur.
   2 WARNING(S) FOUND IN THE INPUT INSTRUCTIONS



Full SEM Model with Heckman Selection for Ridehailing

SUMMARY OF ANALYSIS

Number of groups                                                 1
Number of observations                                      173079

Number of dependent variables                                    8
Number of independent variables                                 14
Number of continuous latent variables                            2

Observed dependent variables

  Continuous
   RDS         TRIPNUM     PMT         VMT

  Binary and ordered categorical (ordinal)
   PC          SPHONE      TAB         RDS_BIN

Observed independent variables
   WHITE       AGE         MALE        EDU         INCOME      EMPLOY
   NUMVEHIC    TNC_ENTR    ACCOMPAN    FLEXTIME    NUMADULT    NUMCHILD
   URBAN       POP_DEN

Continuous latent variables
   ICT         F


Estimator                                                      MLR
Information matrix                                        OBSERVED
Optimization Specifications for the Quasi-Newton Algorithm for
Continuous Outcomes
  Maximum number of iterations                                 100
  Convergence criterion                                  0.100D-05
Optimization Specifications for the EM Algorithm
  Maximum number of iterations                                 500
  Convergence criteria
    Loglikelihood change                                 0.100D-02
    Relative loglikelihood change                        0.100D-05
    Derivative                                           0.100D-02
Optimization Specifications for the M step of the EM Algorithm for
Categorical Latent variables
  Number of M step iterations                                    1
  M step convergence criterion                           0.100D-02
  Basis for M step termination                           ITERATION
Optimization Specifications for the M step of the EM Algorithm for
Censored, Binary or Ordered Categorical (Ordinal), Unordered
Categorical (Nominal) and Count Outcomes
  Number of M step iterations                                    1
  M step convergence criterion                           0.100D-02
  Basis for M step termination                           ITERATION
  Maximum value for logit thresholds                            10
  Minimum value for logit thresholds                           -10
  Minimum expected cell size for chi-square              0.100D-01
Maximum number of iterations for H1                           2000
Convergence criterion for H1                             0.100D-03
Optimization algorithm                                         EMA
Integration Specifications
  Type                                                    STANDARD
  Number of integration points                                  15
  Dimensions of numerical integration                            2
  Adaptive quadrature                                           ON
Link                                                        PROBIT
Cholesky                                                        ON

Input data file(s)
  20200128_MplusInput.txt
Input data format  FREE


SUMMARY OF DATA

     Number of missing data patterns             2
     Number of y missing data patterns           2
     Number of u missing data patterns           1


COVARIANCE COVERAGE OF DATA

Minimum covariance coverage value   0.100


     PROPORTION OF DATA PRESENT FOR Y


           Covariance Coverage
              RDS           TRIPNUM       PMT           VMT           WHITE
              ________      ________      ________      ________      ________
 RDS            0.082
 TRIPNUM        0.082         1.000
 PMT            0.082         1.000         1.000
 VMT            0.082         1.000         1.000         1.000
 WHITE          0.082         1.000         1.000         1.000         1.000
 AGE            0.082         1.000         1.000         1.000         1.000
 MALE           0.082         1.000         1.000         1.000         1.000
 EDU            0.082         1.000         1.000         1.000         1.000
 INCOME         0.082         1.000         1.000         1.000         1.000
 EMPLOY         0.082         1.000         1.000         1.000         1.000
 NUMVEHIC       0.082         1.000         1.000         1.000         1.000
 TNC_ENTR       0.082         1.000         1.000         1.000         1.000
 ACCOMPAN       0.082         1.000         1.000         1.000         1.000
 FLEXTIME       0.082         1.000         1.000         1.000         1.000
 NUMADULT       0.082         1.000         1.000         1.000         1.000
 NUMCHILD       0.082         1.000         1.000         1.000         1.000
 URBAN          0.082         1.000         1.000         1.000         1.000
 POP_DEN        0.082         1.000         1.000         1.000         1.000


           Covariance Coverage
              AGE           MALE          EDU           INCOME        EMPLOY
              ________      ________      ________      ________      ________
 AGE            1.000
 MALE           1.000         1.000
 EDU            1.000         1.000         1.000
 INCOME         1.000         1.000         1.000         1.000
 EMPLOY         1.000         1.000         1.000         1.000         1.000
 NUMVEHIC       1.000         1.000         1.000         1.000         1.000
 TNC_ENTR       1.000         1.000         1.000         1.000         1.000
 ACCOMPAN       1.000         1.000         1.000         1.000         1.000
 FLEXTIME       1.000         1.000         1.000         1.000         1.000
 NUMADULT       1.000         1.000         1.000         1.000         1.000
 NUMCHILD       1.000         1.000         1.000         1.000         1.000
 URBAN          1.000         1.000         1.000         1.000         1.000
 POP_DEN        1.000         1.000         1.000         1.000         1.000


           Covariance Coverage
              NUMVEHIC      TNC_ENTR      ACCOMPAN      FLEXTIME      NUMADULT
              ________      ________      ________      ________      ________
 NUMVEHIC       1.000
 TNC_ENTR       1.000         1.000
 ACCOMPAN       1.000         1.000         1.000
 FLEXTIME       1.000         1.000         1.000         1.000
 NUMADULT       1.000         1.000         1.000         1.000         1.000
 NUMCHILD       1.000         1.000         1.000         1.000         1.000
 URBAN          1.000         1.000         1.000         1.000         1.000
 POP_DEN        1.000         1.000         1.000         1.000         1.000


           Covariance Coverage
              NUMCHILD      URBAN         POP_DEN
              ________      ________      ________
 NUMCHILD       1.000
 URBAN          1.000         1.000
 POP_DEN        1.000         1.000         1.000

     WARNING:  THE COVARIANCE COVERAGE FALLS BELOW THE SPECIFIED LIMIT.


UNIVARIATE PROPORTIONS AND COUNTS FOR CATEGORICAL VARIABLES

    PC
      Category 1    0.074        12836.000
      Category 2    0.021         3626.000
      Category 3    0.044         7661.000
      Category 4    0.109        18793.000
      Category 5    0.752       130163.000
    SPHONE
      Category 1    0.180        31224.000
      Category 2    0.012         2035.000
      Category 3    0.023         3919.000
      Category 4    0.054         9396.000
      Category 5    0.731       126505.000
    TAB
      Category 1    0.345        59764.000
      Category 2    0.058        10119.000
      Category 3    0.099        17125.000
      Category 4    0.149        25768.000
      Category 5    0.348        60303.000
    RDS_BIN
      Category 1    0.918       158911.000
      Category 2    0.082        14168.000



UNIVARIATE SAMPLE STATISTICS


     UNIVARIATE HIGHER-ORDER MOMENT DESCRIPTIVE STATISTICS

         Variable/         Mean/     Skewness/   Minimum/ % with                Percentiles
        Sample Size      Variance    Kurtosis    Maximum  Min/Max      20%/60%    40%/80%    Median

     RDS                   3.991       4.809       1.000   28.76%       1.000      2.000      2.000
           14168.000      24.036      40.463      90.000    0.01%       3.000      5.000
     TRIPNUM               3.734       1.018       0.000   15.51%       2.000      3.000      3.000
          173079.000       7.829       3.094      50.000    0.00%       4.000      6.000
     PMT                   0.316       4.413       0.000   15.51%       0.023      0.116      0.172
          173079.000       0.236      31.248       9.435    0.00%       0.241      0.464
     VMT                   0.244       4.533       0.000   30.48%       0.000      0.061      0.115
          173079.000       0.166      34.417       8.496    0.00%       0.179      0.382
     WHITE                 0.835      -1.809       0.000   16.46%       1.000      1.000      1.000
          173079.000       0.137       1.274       1.000   83.54%       1.000      1.000
     AGE                  53.191      -0.222      16.000    0.84%      35.000     50.000     56.000
          173079.000     309.307      -0.754      92.000    0.86%      60.000     69.000
     MALE                  0.465       0.140       0.000   53.50%       0.000      0.000      0.000
          173079.000       0.249      -1.980       1.000   46.50%       1.000      1.000
     EDU                   3.442      -0.200       1.000    4.47%       2.000      3.000      3.000
          173079.000       1.321      -0.865       5.000   22.71%       4.000      5.000
     INCOME                8.570       1.129       0.500    3.85%       3.000      6.250      6.250
          173079.000      40.685       0.749      25.000    7.12%       8.750     13.750
     EMPLOY                0.567      -0.272       0.000   43.25%       0.000      0.000      1.000
          173079.000       0.245      -1.926       1.000   56.75%       1.000      1.000
     NUMVEHICLE            2.200       1.347       0.000    3.33%       1.000      2.000      2.000
          173079.000       1.512       4.390      12.000    0.03%       2.000      3.000
     TNC_ENTRYYEAR         1.335       0.930       0.000   62.47%       0.000      0.000      0.000
          173079.000       3.604      -0.780       6.000    2.65%       0.000      4.000
     ACCOMPANY             0.337       0.685       0.000   53.58%       0.000      0.000      0.000
          173079.000       0.171      -1.240       1.000   22.22%       0.333      1.000
     FLEXTIME              0.274       1.014       0.000   72.61%       0.000      0.000      0.000
          173079.000       0.199      -0.972       1.000   27.39%       0.000      1.000
     NUMADULT              1.998       1.363       1.000   23.33%       1.000      2.000      2.000
          173079.000       0.635       4.463      10.000    0.01%       2.000      2.000
     NUMCHILD              0.423       2.385       0.000   76.08%       0.000      0.000      0.000
          173079.000       0.765       6.547       8.000    0.01%       0.000      1.000
     URBAN                 0.772      -1.297       0.000   22.79%       0.000      1.000      1.000
          173079.000       0.176      -0.317       1.000   77.21%       1.000      1.000
     POP_DEN               3.380       2.945       0.050   14.86%       0.300      0.750      1.500
          173079.000      24.137      10.926      30.000    1.32%       3.000      7.000


THE MODEL ESTIMATION TERMINATED NORMALLY



MODEL FIT INFORMATION

Number of Free Parameters                      116

Loglikelihood

          H0 Value                    -1080702.014
          H0 Scaling Correction Factor      2.1237
            for MLR

Information Criteria

          Akaike (AIC)                 2161636.029
          Bayesian (BIC)               2162803.163
          Sample-Size Adjusted BIC     2162434.510
            (n* = (n + 2) / 24)



MODEL RESULTS

                                                    Two-Tailed
                    Estimate       S.E.  Est./S.E.    P-Value

 ICT      BY
    PC                 1.000      0.000    999.000    999.000
    SPHONE             2.177      0.043     50.831      0.000
    TAB                0.794      0.010     79.661      0.000

 F        BY
    RDS_BIN            1.000      0.000    999.000    999.000
    RDS                3.944      0.195     20.207      0.000

 ICT        ON
    WHITE             -0.058      0.006    -10.143      0.000
    AGE               -0.015      0.000    -83.046      0.000
    MALE              -0.046      0.004    -11.221      0.000
    EDU                0.119      0.003     42.073      0.000
    INCOME             0.039      0.001     63.170      0.000
    EMPLOY             0.124      0.005     23.203      0.000
    NUMVEHICLE         0.048      0.002     20.496      0.000
    ACCOMPANY          0.071      0.005     14.226      0.000
    FLEXTIME           0.095      0.006     16.638      0.000
    NUMADULT           0.044      0.003     12.717      0.000
    NUMCHILD           0.036      0.003     13.870      0.000
    URBAN              0.126      0.005     23.360      0.000
    POP_DEN            0.000      0.000     -0.213      0.831

 TRIPNUM    ON
    ICT                0.014      0.019      0.714      0.475

 PMT        ON
    ICT                0.027      0.004      7.666      0.000

 VMT        ON
    ICT                0.034      0.003     11.174      0.000

 RDS        ON
    ICT                3.996      0.457      8.736      0.000

 RDS_BIN    ON
    ICT                0.995      0.072     13.735      0.000

 TRIPNUM    ON
    WHITE              0.204      0.017     11.666      0.000
    AGE                0.004      0.001      7.357      0.000
    MALE              -0.062      0.013     -4.856      0.000
    EDU                0.242      0.006     37.559      0.000
    INCOME             0.000      0.001      0.194      0.846
    EMPLOY             0.439      0.017     26.505      0.000
    NUMVEHICLE         0.100      0.007     14.968      0.000
    ACCOMPANY          1.857      0.015    126.157      0.000
    FLEXTIME           0.297      0.017     17.224      0.000
    NUMADULT          -0.408      0.010    -42.867      0.000
    NUMCHILD           0.081      0.008      9.573      0.000
    URBAN              0.268      0.016     16.417      0.000
    POP_DEN            0.007      0.001      4.974      0.000

 PMT        ON
    WHITE             -0.001      0.003     -0.338      0.735
    AGE                0.000      0.000      2.846      0.004
    MALE               0.041      0.002     18.179      0.000
    EDU                0.016      0.001     14.453      0.000
    INCOME             0.001      0.000      5.734      0.000
    EMPLOY             0.093      0.003     31.549      0.000
    NUMVEHICLE         0.031      0.001     24.681      0.000
    ACCOMPANY          0.272      0.003     81.933      0.000
    FLEXTIME           0.019      0.003      6.105      0.000
    NUMADULT          -0.043      0.002    -26.514      0.000
    NUMCHILD          -0.012      0.001     -8.604      0.000
    URBAN             -0.075      0.003    -24.506      0.000
    POP_DEN           -0.005      0.000    -25.539      0.000

 VMT        ON
    WHITE             -0.002      0.002     -0.857      0.392
    AGE                0.001      0.000      8.836      0.000
    MALE               0.075      0.002     38.257      0.000
    EDU                0.019      0.001     20.082      0.000
    INCOME             0.000      0.000     -1.565      0.118
    EMPLOY             0.099      0.002     40.733      0.000
    NUMVEHICLE         0.029      0.001     26.447      0.000
    ACCOMPANY          0.086      0.003     32.776      0.000
    FLEXTIME           0.018      0.003      6.487      0.000
    NUMADULT          -0.046      0.001    -32.587      0.000
    NUMCHILD           0.003      0.001      2.141      0.032
    URBAN             -0.058      0.003    -21.985      0.000
    POP_DEN           -0.006      0.000    -32.915      0.000

 RDS        ON
    WHITE              0.094      0.126      0.745      0.456
    AGE               -0.051      0.004    -12.095      0.000
    MALE               0.541      0.096      5.636      0.000
    EDU               -0.229      0.055     -4.155      0.000
    INCOME             0.030      0.012      2.507      0.012
    EMPLOY            -0.559      0.148     -3.769      0.000
    NUMVEHICLE        -0.831      0.072    -11.517      0.000
    ACCOMPANY         -0.052      0.114     -0.452      0.651
    FLEXTIME           0.537      0.098      5.484      0.000
    NUMADULT          -0.484      0.093     -5.191      0.000
    NUMCHILD          -0.951      0.080    -11.947      0.000
    URBAN              0.179      0.154      1.162      0.245
    POP_DEN            0.193      0.011     17.853      0.000
    TNC_ENTRYY         0.021      0.021      1.017      0.309

 RDS_BIN    ON
    WHITE              0.047      0.022      2.141      0.032
    AGE               -0.027      0.001    -30.204      0.000
    MALE               0.148      0.016      8.980      0.000
    EDU                0.141      0.010     14.096      0.000
    INCOME             0.031      0.002     12.672      0.000
    EMPLOY            -0.096      0.023     -4.173      0.000
    NUMVEHICLE        -0.177      0.012    -15.116      0.000
    ACCOMPANY          0.069      0.020      3.499      0.000
    FLEXTIME           0.284      0.019     14.923      0.000
    NUMADULT          -0.268      0.015    -17.624      0.000
    NUMCHILD          -0.311      0.012    -26.457      0.000
    URBAN              0.330      0.027     12.192      0.000
    POP_DEN            0.064      0.001     43.487      0.000
    TNC_ENTRYY         0.007      0.004      1.809      0.070

 RDS      WITH
    TRIPNUM           -0.144      0.101     -1.433      0.152
    PMT               -0.061      0.018     -3.347      0.001
    VMT               -0.090      0.012     -7.585      0.000

 TRIPNUM  WITH
    PMT                0.308      0.003     94.527      0.000
    VMT                0.274      0.003     95.797      0.000

 PMT      WITH
    VMT                0.146      0.002     62.685      0.000

 Intercepts
    RDS                0.195      0.515      0.378      0.705
    TRIPNUM            1.930      0.043     44.672      0.000
    PMT                0.156      0.007     20.827      0.000
    VMT                0.104      0.006     16.594      0.000

 Thresholds
    PC$1              -1.527      0.016    -93.725      0.000
    PC$2              -1.339      0.017    -81.001      0.000
    PC$3              -1.041      0.017    -61.742      0.000
    PC$4              -0.543      0.017    -31.259      0.000
    SPHONE$1          -1.113      0.041    -27.437      0.000
    SPHONE$2          -1.025      0.040    -25.590      0.000
    SPHONE$3          -0.865      0.039    -22.103      0.000
    SPHONE$4          -0.524      0.037    -14.036      0.000
    TAB$1             -0.219      0.014    -15.997      0.000
    TAB$2             -0.033      0.014     -2.388      0.017
    TAB$3              0.260      0.014     18.804      0.000
    TAB$4              0.692      0.014     49.436      0.000
    RDS_BIN$1          1.837      0.058     31.662      0.000

 Variances
    F                  1.000      0.000    999.000    999.000

 Residual Variances
    RDS               10.650      1.669      6.379      0.000
    TRIPNUM            6.920      0.040    171.128      0.000
    PMT                0.214      0.003     69.874      0.000
    VMT                0.155      0.002     66.813      0.000
    ICT                0.271      0.006     48.989      0.000

New/Additional Parameters
    RESCORR            0.545      0.026     20.912      0.000


STANDARDIZED MODEL RESULTS


STDYX Standardization

                                                    Two-Tailed
                    Estimate       S.E.  Est./S.E.    P-Value

 ICT      BY
    PC                 0.598      0.004    154.699      0.000
    SPHONE             0.851      0.003    264.242      0.000
    TAB                0.509      0.003    151.560      0.000

 F        BY
    RDS_BIN            0.527      0.005    110.736      0.000
    RDS                0.635      0.020     31.452      0.000

 ICT        ON
    WHITE             -0.029      0.003     -9.979      0.000
    AGE               -0.362      0.004   -101.821      0.000
    MALE              -0.031      0.003    -11.200      0.000
    EDU                0.184      0.003     54.765      0.000
    INCOME             0.333      0.004     88.693      0.000
    EMPLOY             0.083      0.003     24.027      0.000
    NUMVEHICLE         0.078      0.004     21.199      0.000
    ACCOMPANY          0.040      0.003     14.353      0.000
    FLEXTIME           0.057      0.003     17.011      0.000
    NUMADULT           0.047      0.004     13.125      0.000
    NUMCHILD           0.043      0.003     13.682      0.000
    URBAN              0.071      0.003     24.339      0.000
    POP_DEN           -0.001      0.003     -0.213      0.831

 TRIPNUM    ON
    ICT                0.004      0.005      0.714      0.475

 PMT        ON
    ICT                0.042      0.005      7.677      0.000

 VMT        ON
    ICT                0.062      0.006     11.248      0.000

 RDS        ON
    ICT                0.479      0.041     11.702      0.000

 RDS_BIN    ON
    ICT                0.391      0.023     16.651      0.000

 TRIPNUM    ON
    WHITE              0.027      0.002     11.657      0.000
    AGE                0.024      0.003      7.360      0.000
    MALE              -0.011      0.002     -4.855      0.000
    EDU                0.099      0.003     37.685      0.000
    INCOME             0.001      0.003      0.194      0.846
    EMPLOY             0.078      0.003     26.517      0.000
    NUMVEHICLE         0.044      0.003     14.989      0.000
    ACCOMPANY          0.275      0.002    126.594      0.000
    FLEXTIME           0.047      0.003     17.246      0.000
    NUMADULT          -0.116      0.003    -42.814      0.000
    NUMCHILD           0.025      0.003      9.599      0.000
    URBAN              0.040      0.002     16.440      0.000
    POP_DEN            0.012      0.002      4.973      0.000

 PMT        ON
    WHITE             -0.001      0.002     -0.338      0.735
    AGE                0.009      0.003      2.844      0.004
    MALE               0.042      0.002     18.367      0.000
    EDU                0.039      0.003     14.518      0.000
    INCOME             0.020      0.003      5.739      0.000
    EMPLOY             0.094      0.003     30.782      0.000
    NUMVEHICLE         0.079      0.003     24.824      0.000
    ACCOMPANY          0.232      0.002     96.949      0.000
    FLEXTIME           0.018      0.003      6.103      0.000
    NUMADULT          -0.071      0.003    -26.633      0.000
    NUMCHILD          -0.022      0.003     -8.624      0.000
    URBAN             -0.065      0.003    -24.096      0.000
    POP_DEN           -0.052      0.002    -25.750      0.000

 VMT        ON
    WHITE             -0.002      0.002     -0.857      0.392
    AGE                0.029      0.003      8.842      0.000
    MALE               0.091      0.002     40.092      0.000
    EDU                0.054      0.003     20.257      0.000
    INCOME            -0.005      0.003     -1.566      0.117
    EMPLOY             0.121      0.003     38.944      0.000
    NUMVEHICLE         0.087      0.003     26.621      0.000
    ACCOMPANY          0.088      0.003     34.985      0.000
    FLEXTIME           0.020      0.003      6.495      0.000
    NUMADULT          -0.090      0.003    -32.948      0.000
    NUMCHILD           0.006      0.003      2.139      0.032
    URBAN             -0.060      0.003    -21.810      0.000
    POP_DEN           -0.068      0.002    -32.825      0.000

 RDS        ON
    WHITE              0.006      0.007      0.749      0.454
    AGE               -0.144      0.014    -10.616      0.000
    MALE               0.043      0.007      5.991      0.000
    EDU               -0.042      0.010     -4.364      0.000
    INCOME             0.031      0.013      2.396      0.017
    EMPLOY            -0.045      0.011     -3.881      0.000
    NUMVEHICLE        -0.164      0.012    -13.728      0.000
    ACCOMPANY         -0.003      0.008     -0.453      0.650
    FLEXTIME           0.039      0.007      5.482      0.000
    NUMADULT          -0.062      0.012     -5.300      0.000
    NUMCHILD          -0.134      0.010    -13.963      0.000
    URBAN              0.012      0.010      1.160      0.246
    POP_DEN            0.153      0.007     22.581      0.000
    TNC_ENTRYY         0.007      0.006      1.014      0.311

 RDS_BIN    ON
    WHITE              0.009      0.004      2.152      0.031
    AGE               -0.247      0.010    -25.757      0.000
    MALE               0.039      0.004      9.176      0.000
    EDU                0.085      0.006     13.257      0.000
    INCOME             0.103      0.009     11.683      0.000
    EMPLOY            -0.025      0.006     -4.213      0.000
    NUMVEHICLE        -0.115      0.007    -15.892      0.000
    ACCOMPANY          0.015      0.004      3.476      0.001
    FLEXTIME           0.067      0.005     14.501      0.000
    NUMADULT          -0.113      0.006    -18.036      0.000
    NUMCHILD          -0.143      0.005    -28.871      0.000
    URBAN              0.073      0.006     12.021      0.000
    POP_DEN            0.167      0.003     48.227      0.000
    TNC_ENTRYY         0.007      0.004      1.807      0.071

 RDS      WITH
    TRIPNUM           -0.017      0.012     -1.442      0.149
    PMT               -0.040      0.013     -3.002      0.003
    VMT               -0.070      0.010     -6.933      0.000

 TRIPNUM  WITH
    PMT                0.253      0.003     95.559      0.000
    VMT                0.265      0.003     94.207      0.000

 PMT      WITH
    VMT                0.803      0.004    180.836      0.000

 Intercepts
    RDS                0.031      0.083      0.376      0.707
    TRIPNUM            0.690      0.016     44.029      0.000
    PMT                0.321      0.016     20.524      0.000
    VMT                0.255      0.016     16.396      0.000

 Thresholds
    PC$1              -1.225      0.015    -79.786      0.000
    PC$2              -1.074      0.015    -70.290      0.000
    PC$3              -0.835      0.015    -55.316      0.000
    PC$4              -0.435      0.015    -29.513      0.000
    SPHONE$1          -0.584      0.019    -31.473      0.000
    SPHONE$2          -0.538      0.019    -29.007      0.000
    SPHONE$3          -0.454      0.018    -24.529      0.000
    SPHONE$4          -0.275      0.018    -14.915      0.000
    TAB$1             -0.188      0.012    -15.905      0.000
    TAB$2             -0.028      0.012     -2.386      0.017
    TAB$3              0.223      0.012     18.950      0.000
    TAB$4              0.596      0.012     50.533      0.000
    RDS_BIN$1          0.968      0.030     32.750      0.000

 Variances
    F                  1.000      0.000    999.000    999.000

 Residual Variances
    RDS                0.276      0.049      5.641      0.000
    TRIPNUM            0.884      0.001    605.464      0.000
    PMT                0.909      0.001    667.648      0.000
    VMT                0.931      0.001    750.091      0.000
    ICT                0.487      0.004    116.177      0.000


STDY Standardization

                                                    Two-Tailed
                    Estimate       S.E.  Est./S.E.    P-Value

 ICT      BY
    PC                 0.598      0.004    154.699      0.000
    SPHONE             0.851      0.003    264.242      0.000
    TAB                0.509      0.003    151.560      0.000

 F        BY
    RDS_BIN            0.527      0.005    110.736      0.000
    RDS                0.635      0.020     31.452      0.000

 ICT        ON
    WHITE             -0.077      0.008     -9.980      0.000
    AGE               -0.021      0.000   -102.619      0.000
    MALE              -0.062      0.006    -11.202      0.000
    EDU                0.160      0.003     54.953      0.000
    INCOME             0.052      0.001     89.175      0.000
    EMPLOY             0.167      0.007     24.041      0.000
    NUMVEHICLE         0.064      0.003     21.211      0.000
    ACCOMPANY          0.095      0.007     14.358      0.000
    FLEXTIME           0.128      0.008     17.017      0.000
    NUMADULT           0.059      0.004     13.128      0.000
    NUMCHILD           0.049      0.004     13.685      0.000
    URBAN              0.169      0.007     24.359      0.000
    POP_DEN            0.000      0.001     -0.213      0.831

 TRIPNUM    ON
    ICT                0.004      0.005      0.714      0.475

 PMT        ON
    ICT                0.042      0.005      7.677      0.000

 VMT        ON
    ICT                0.062      0.006     11.248      0.000

 RDS        ON
    ICT                0.479      0.041     11.702      0.000

 RDS_BIN    ON
    ICT                0.391      0.023     16.651      0.000

 TRIPNUM    ON
    WHITE              0.073      0.006     11.659      0.000
    AGE                0.001      0.000      7.361      0.000
    MALE              -0.022      0.005     -4.855      0.000
    EDU                0.086      0.002     37.759      0.000
    INCOME             0.000      0.000      0.194      0.846
    EMPLOY             0.157      0.006     26.544      0.000
    NUMVEHICLE         0.036      0.002     14.994      0.000
    ACCOMPANY          0.664      0.005    129.180      0.000
    FLEXTIME           0.106      0.006     17.253      0.000
    NUMADULT          -0.146      0.003    -42.926      0.000
    NUMCHILD           0.029      0.003      9.600      0.000
    URBAN              0.096      0.006     16.447      0.000
    POP_DEN            0.002      0.000      4.974      0.000

 PMT        ON
    WHITE             -0.002      0.006     -0.338      0.735
    AGE                0.001      0.000      2.845      0.004
    MALE               0.085      0.005     18.376      0.000
    EDU                0.034      0.002     14.522      0.000
    INCOME             0.003      0.001      5.739      0.000
    EMPLOY             0.191      0.006     30.823      0.000
    NUMVEHICLE         0.064      0.003     24.845      0.000
    ACCOMPANY          0.560      0.006     98.157      0.000
    FLEXTIME           0.040      0.007      6.104      0.000
    NUMADULT          -0.089      0.003    -26.661      0.000
    NUMCHILD          -0.026      0.003     -8.625      0.000
    URBAN             -0.155      0.006    -24.115      0.000
    POP_DEN           -0.011      0.000    -25.775      0.000

 VMT        ON
    WHITE             -0.005      0.006     -0.857      0.392
    AGE                0.002      0.000      8.843      0.000
    MALE               0.183      0.005     40.183      0.000
    EDU                0.047      0.002     20.268      0.000
    INCOME            -0.001      0.001     -1.566      0.117
    EMPLOY             0.244      0.006     39.026      0.000
    NUMVEHICLE         0.071      0.003     26.647      0.000
    ACCOMPANY          0.212      0.006     35.046      0.000
    FLEXTIME           0.044      0.007      6.495      0.000
    NUMADULT          -0.113      0.003    -32.999      0.000
    NUMCHILD           0.006      0.003      2.139      0.032
    URBAN             -0.142      0.007    -21.824      0.000
    POP_DEN           -0.014      0.000    -32.876      0.000

 RDS        ON
    WHITE              0.015      0.020      0.749      0.454
    AGE               -0.008      0.001    -10.617      0.000
    MALE               0.087      0.015      5.991      0.000
    EDU               -0.037      0.008     -4.364      0.000
    INCOME             0.005      0.002      2.396      0.017
    EMPLOY            -0.090      0.023     -3.881      0.000
    NUMVEHICLE        -0.134      0.010    -13.732      0.000
    ACCOMPANY         -0.008      0.018     -0.453      0.650
    FLEXTIME           0.086      0.016      5.483      0.000
    NUMADULT          -0.078      0.015     -5.301      0.000
    NUMCHILD          -0.153      0.011    -13.967      0.000
    URBAN              0.029      0.025      1.160      0.246
    POP_DEN            0.031      0.001     22.595      0.000
    TNC_ENTRYY         0.003      0.003      1.014      0.311

 RDS_BIN    ON
    WHITE              0.025      0.011      2.152      0.031
    AGE               -0.014      0.001    -25.775      0.000
    MALE               0.078      0.008      9.177      0.000
    EDU                0.074      0.006     13.260      0.000
    INCOME             0.016      0.001     11.685      0.000
    EMPLOY            -0.050      0.012     -4.213      0.000
    NUMVEHICLE        -0.093      0.006    -15.898      0.000
    ACCOMPANY          0.037      0.011      3.476      0.001
    FLEXTIME           0.149      0.010     14.505      0.000
    NUMADULT          -0.141      0.008    -18.044      0.000
    NUMCHILD          -0.164      0.006    -28.906      0.000
    URBAN              0.174      0.014     12.024      0.000
    POP_DEN            0.034      0.001     48.361      0.000
    TNC_ENTRYY         0.004      0.002      1.807      0.071

 RDS      WITH
    TRIPNUM           -0.017      0.012     -1.442      0.149
    PMT               -0.040      0.013     -3.002      0.003
    VMT               -0.070      0.010     -6.933      0.000

 TRIPNUM  WITH
    PMT                0.253      0.003     95.559      0.000
    VMT                0.265      0.003     94.207      0.000

 PMT      WITH
    VMT                0.803      0.004    180.836      0.000

 Intercepts
    RDS                0.031      0.083      0.376      0.707
    TRIPNUM            0.690      0.016     44.029      0.000
    PMT                0.321      0.016     20.524      0.000
    VMT                0.255      0.016     16.396      0.000

 Thresholds
    PC$1              -1.225      0.015    -79.786      0.000
    PC$2              -1.074      0.015    -70.290      0.000
    PC$3              -0.835      0.015    -55.316      0.000
    PC$4              -0.435      0.015    -29.513      0.000
    SPHONE$1          -0.584      0.019    -31.473      0.000
    SPHONE$2          -0.538      0.019    -29.007      0.000
    SPHONE$3          -0.454      0.018    -24.529      0.000
    SPHONE$4          -0.275      0.018    -14.915      0.000
    TAB$1             -0.188      0.012    -15.905      0.000
    TAB$2             -0.028      0.012     -2.386      0.017
    TAB$3              0.223      0.012     18.950      0.000
    TAB$4              0.596      0.012     50.533      0.000
    RDS_BIN$1          0.968      0.030     32.750      0.000

 Variances
    F                  1.000      0.000    999.000    999.000

 Residual Variances
    RDS                0.276      0.049      5.641      0.000
    TRIPNUM            0.884      0.001    605.464      0.000
    PMT                0.909      0.001    667.648      0.000
    VMT                0.931      0.001    750.091      0.000
    ICT                0.487      0.004    116.177      0.000


STD Standardization

                                                    Two-Tailed
                    Estimate       S.E.  Est./S.E.    P-Value

 ICT      BY
    PC                 0.745      0.007     99.465      0.000
    SPHONE             1.623      0.022     72.740      0.000
    TAB                0.592      0.005    112.270      0.000

 F        BY
    RDS_BIN            1.000      0.000    999.000    999.000
    RDS                3.944      0.195     20.207      0.000

 ICT        ON
    WHITE             -0.077      0.008     -9.980      0.000
    AGE               -0.021      0.000   -102.619      0.000
    MALE              -0.062      0.006    -11.202      0.000
    EDU                0.160      0.003     54.953      0.000
    INCOME             0.052      0.001     89.175      0.000
    EMPLOY             0.167      0.007     24.041      0.000
    NUMVEHICLE         0.064      0.003     21.211      0.000
    ACCOMPANY          0.095      0.007     14.358      0.000
    FLEXTIME           0.128      0.008     17.017      0.000
    NUMADULT           0.059      0.004     13.128      0.000
    NUMCHILD           0.049      0.004     13.685      0.000
    URBAN              0.169      0.007     24.359      0.000
    POP_DEN            0.000      0.001     -0.213      0.831

 TRIPNUM    ON
    ICT                0.010      0.014      0.714      0.475

 PMT        ON
    ICT                0.020      0.003      7.695      0.000

 VMT        ON
    ICT                0.025      0.002     11.225      0.000

 RDS        ON
    ICT                2.978      0.327      9.103      0.000

 RDS_BIN    ON
    ICT                0.742      0.051     14.626      0.000

 TRIPNUM    ON
    WHITE              0.204      0.017     11.666      0.000
    AGE                0.004      0.001      7.357      0.000
    MALE              -0.062      0.013     -4.856      0.000
    EDU                0.242      0.006     37.559      0.000
    INCOME             0.000      0.001      0.194      0.846
    EMPLOY             0.439      0.017     26.505      0.000
    NUMVEHICLE         0.100      0.007     14.968      0.000
    ACCOMPANY          1.857      0.015    126.157      0.000
    FLEXTIME           0.297      0.017     17.224      0.000
    NUMADULT          -0.408      0.010    -42.867      0.000
    NUMCHILD           0.081      0.008      9.573      0.000
    URBAN              0.268      0.016     16.417      0.000
    POP_DEN            0.007      0.001      4.974      0.000

 PMT        ON
    WHITE             -0.001      0.003     -0.338      0.735
    AGE                0.000      0.000      2.846      0.004
    MALE               0.041      0.002     18.179      0.000
    EDU                0.016      0.001     14.453      0.000
    INCOME             0.001      0.000      5.734      0.000
    EMPLOY             0.093      0.003     31.549      0.000
    NUMVEHICLE         0.031      0.001     24.681      0.000
    ACCOMPANY          0.272      0.003     81.933      0.000
    FLEXTIME           0.019      0.003      6.105      0.000
    NUMADULT          -0.043      0.002    -26.514      0.000
    NUMCHILD          -0.012      0.001     -8.604      0.000
    URBAN             -0.075      0.003    -24.506      0.000
    POP_DEN           -0.005      0.000    -25.539      0.000

 VMT        ON
    WHITE             -0.002      0.002     -0.857      0.392
    AGE                0.001      0.000      8.836      0.000
    MALE               0.075      0.002     38.257      0.000
    EDU                0.019      0.001     20.082      0.000
    INCOME             0.000      0.000     -1.565      0.118
    EMPLOY             0.099      0.002     40.733      0.000
    NUMVEHICLE         0.029      0.001     26.447      0.000
    ACCOMPANY          0.086      0.003     32.776      0.000
    FLEXTIME           0.018      0.003      6.487      0.000
    NUMADULT          -0.046      0.001    -32.587      0.000
    NUMCHILD           0.003      0.001      2.141      0.032
    URBAN             -0.058      0.003    -21.985      0.000
    POP_DEN           -0.006      0.000    -32.915      0.000

 RDS        ON
    WHITE              0.094      0.126      0.745      0.456
    AGE               -0.051      0.004    -12.095      0.000
    MALE               0.541      0.096      5.636      0.000
    EDU               -0.229      0.055     -4.155      0.000
    INCOME             0.030      0.012      2.507      0.012
    EMPLOY            -0.559      0.148     -3.769      0.000
    NUMVEHICLE        -0.831      0.072    -11.517      0.000
    ACCOMPANY         -0.052      0.114     -0.452      0.651
    FLEXTIME           0.537      0.098      5.484      0.000
    NUMADULT          -0.484      0.093     -5.191      0.000
    NUMCHILD          -0.951      0.080    -11.947      0.000
    URBAN              0.179      0.154      1.162      0.245
    POP_DEN            0.193      0.011     17.853      0.000
    TNC_ENTRYY         0.021      0.021      1.017      0.309

 RDS_BIN    ON
    WHITE              0.047      0.022      2.141      0.032
    AGE               -0.027      0.001    -30.204      0.000
    MALE               0.148      0.016      8.980      0.000
    EDU                0.141      0.010     14.096      0.000
    INCOME             0.031      0.002     12.672      0.000
    EMPLOY            -0.096      0.023     -4.173      0.000
    NUMVEHICLE        -0.177      0.012    -15.116      0.000
    ACCOMPANY          0.069      0.020      3.499      0.000
    FLEXTIME           0.284      0.019     14.923      0.000
    NUMADULT          -0.268      0.015    -17.624      0.000
    NUMCHILD          -0.311      0.012    -26.457      0.000
    URBAN              0.330      0.027     12.192      0.000
    POP_DEN            0.064      0.001     43.487      0.000
    TNC_ENTRYY         0.007      0.004      1.809      0.070

 RDS      WITH
    TRIPNUM           -0.144      0.101     -1.433      0.152
    PMT               -0.061      0.018     -3.347      0.001
    VMT               -0.090      0.012     -7.585      0.000

 TRIPNUM  WITH
    PMT                0.308      0.003     94.527      0.000
    VMT                0.274      0.003     95.797      0.000

 PMT      WITH
    VMT                0.146      0.002     62.685      0.000

 Intercepts
    RDS                0.195      0.515      0.378      0.705
    TRIPNUM            1.930      0.043     44.672      0.000
    PMT                0.156      0.007     20.827      0.000
    VMT                0.104      0.006     16.594      0.000

 Thresholds
    PC$1              -1.527      0.016    -93.725      0.000
    PC$2              -1.339      0.017    -81.001      0.000
    PC$3              -1.041      0.017    -61.742      0.000
    PC$4              -0.543      0.017    -31.259      0.000
    SPHONE$1          -1.113      0.041    -27.437      0.000
    SPHONE$2          -1.025      0.040    -25.590      0.000
    SPHONE$3          -0.865      0.039    -22.103      0.000
    SPHONE$4          -0.524      0.037    -14.036      0.000
    TAB$1             -0.219      0.014    -15.997      0.000
    TAB$2             -0.033      0.014     -2.388      0.017
    TAB$3              0.260      0.014     18.804      0.000
    TAB$4              0.692      0.014     49.436      0.000
    RDS_BIN$1          1.837      0.058     31.662      0.000

 Variances
    F                  1.000      0.000    999.000    999.000

 Residual Variances
    RDS               10.650      1.669      6.379      0.000
    TRIPNUM            6.920      0.040    171.128      0.000
    PMT                0.214      0.003     69.874      0.000
    VMT                0.155      0.002     66.813      0.000
    ICT                0.487      0.004    116.177      0.000


R-SQUARE

    Observed                                        Two-Tailed
    Variable        Estimate       S.E.  Est./S.E.    P-Value

    PC                 0.357      0.005     77.350      0.000
    SPHONE             0.725      0.005    132.121      0.000
    TAB                0.259      0.003     75.780      0.000
    RDS_BIN            0.722      0.005    144.151      0.000
    RDS                0.724      0.049     14.816      0.000
    TRIPNUM            0.116      0.001     79.540      0.000
    PMT                0.091      0.001     66.827      0.000
    VMT                0.069      0.001     55.318      0.000

     Latent                                         Two-Tailed
    Variable        Estimate       S.E.  Est./S.E.    P-Value

    ICT                0.513      0.004    122.276      0.000


QUALITY OF NUMERICAL RESULTS

     Condition Number for the Information Matrix              0.106E-08
       (ratio of smallest to largest eigenvalue)


SAMPLE STATISTICS FOR ESTIMATED FACTOR SCORES


     SAMPLE STATISTICS


           Means
              ICT           ICT_SE        F             F_SE
              ________      ________      ________      ________
                0.283         0.400        -0.001         0.932


           Covariances
              ICT           ICT_SE        F             F_SE
              ________      ________      ________      ________
 ICT            0.394
 ICT_SE         0.017         0.002
 F              0.021        -0.001         0.123
 F_SE          -0.032        -0.001        -0.022         0.009


           Correlations
              ICT           ICT_SE        F             F_SE
              ________      ________      ________      ________
 ICT            1.000
 ICT_SE         0.705         1.000
 F              0.096        -0.052         1.000
 F_SE          -0.537        -0.322        -0.663         1.000


PLOT INFORMATION

The following plots are available:

  Histograms (sample values, estimated factor scores, estimated values, residuals)
  Scatterplots (sample values, estimated factor scores, estimated values, residuals)
  Sample proportions, estimated and conditional estimated probabilities
  Item characteristic curves
  Information curves
  Latent variable distribution plots

DIAGRAM INFORMATION

  Use View Diagram under the Diagram menu in the Mplus Editor to view the diagram.
  If running Mplus from the Mplus Diagrammer, the diagram opens automatically.

  Diagram output
    c:\users\jcmoody\dropbox (mit)\ict_joanna_hui\model3_withridehailing_heck2.dgm

     Beginning Time:  15:31:22
        Ending Time:  22:11:17
       Elapsed Time:  06:39:55



MUTHEN & MUTHEN
3463 Stoner Ave.
Los Angeles, CA  90066

Tel: (310) 391-9971
Fax: (310) 391-8971
Web: www.StatModel.com
Support: Support@StatModel.com

Copyright (c) 1998-2018 Muthen & Muthen
